2023-07-08T21:45:45.243+08:00  INFO 26817 --- [restartedMain] c.w.c.ArtifactCalculatorJavaApplication  : Starting ArtifactCalculatorJavaApplication using Java 17.0.7 with PID 26817 (/Users/wenhao/IdeaProjects/artifact-calculator/artifact-calculator/artifact-calculator-java/build/classes/java/main started by wenhao in /Users/wenhao/IdeaProjects/artifact-calculator)
2023-07-08T21:45:45.246+08:00  INFO 26817 --- [restartedMain] c.w.c.ArtifactCalculatorJavaApplication  : No active profile set, falling back to 1 default profile: "default"
2023-07-08T21:45:45.265+08:00  INFO 26817 --- [restartedMain] .e.DevToolsPropertyDefaultsPostProcessor : Devtools property defaults active! Set 'spring.devtools.add-properties' to 'false' to disable
2023-07-08T21:45:45.266+08:00  INFO 26817 --- [restartedMain] .e.DevToolsPropertyDefaultsPostProcessor : For additional web related logging consider setting the 'logging.level.web' property to 'DEBUG'
2023-07-08T21:45:45.979+08:00  INFO 26817 --- [restartedMain] o.s.b.w.e.t.TomcatWebServer              : Tomcat initialized with port(s): 8080 (http)
2023-07-08T21:45:45.986+08:00  INFO 26817 --- [restartedMain] o.a.c.c.StandardService                  : Starting service [Tomcat]
2023-07-08T21:45:45.986+08:00  INFO 26817 --- [restartedMain] o.a.c.c.StandardEngine                   : Starting Servlet engine: [Apache Tomcat/10.1.8]
2023-07-08T21:45:46.016+08:00  INFO 26817 --- [restartedMain] o.a.c.c.C.[.[.[/]                        : Initializing Spring embedded WebApplicationContext
2023-07-08T21:45:46.016+08:00  INFO 26817 --- [restartedMain] w.s.c.ServletWebServerApplicationContext : Root WebApplicationContext: initialization completed in 750 ms
2023-07-08T21:45:46.055+08:00  INFO 26817 --- [restartedMain] c.z.h.HikariDataSource                   : HikariPool-1 - Starting...
2023-07-08T21:45:46.177+08:00  INFO 26817 --- [restartedMain] c.z.h.p.HikariPool                       : HikariPool-1 - Added connection conn0: url=jdbc:h2:/Users/wenhao/IdeaProjects/artifact-calculator/artifact-calculator/artifact-calculator-java/src/main/resources/data/data.db user=SA
2023-07-08T21:45:46.178+08:00  INFO 26817 --- [restartedMain] c.z.h.HikariDataSource                   : HikariPool-1 - Start completed.
2023-07-08T21:45:46.183+08:00  INFO 26817 --- [restartedMain] o.s.b.a.h.H2ConsoleAutoConfiguration     : H2 console available at '/h2-console'. Database available at 'jdbc:h2:/Users/wenhao/IdeaProjects/artifact-calculator/artifact-calculator/artifact-calculator-java/src/main/resources/data/data.db'
2023-07-08T21:45:46.616+08:00  INFO 26817 --- [restartedMain] o.s.b.d.a.OptionalLiveReloadServer       : LiveReload server is running on port 35729
2023-07-08T21:45:46.618+08:00  INFO 26817 --- [restartedMain] o.s.b.a.e.w.EndpointLinksResolver        : Exposing 1 endpoint(s) beneath base path '/actuator'
2023-07-08T21:45:46.652+08:00  INFO 26817 --- [restartedMain] o.s.b.w.e.t.TomcatWebServer              : Tomcat started on port(s): 8080 (http) with context path ''
2023-07-08T21:45:46.665+08:00  INFO 26817 --- [restartedMain] c.w.c.ArtifactCalculatorJavaApplication  : Started ArtifactCalculatorJavaApplication in 1.67 seconds (process running for 2.235)
2023-07-08T21:45:47.017+08:00  INFO 26817 --- [RMI TCP Connection(3)-127.0.0.1] o.a.c.c.C.[.[.[/]                        : Initializing Spring DispatcherServlet 'dispatcherServlet'
2023-07-08T21:45:47.017+08:00  INFO 26817 --- [RMI TCP Connection(3)-127.0.0.1] o.s.w.s.DispatcherServlet                : Initializing Servlet 'dispatcherServlet'
2023-07-08T21:45:47.018+08:00  INFO 26817 --- [RMI TCP Connection(3)-127.0.0.1] o.s.w.s.DispatcherServlet                : Completed initialization in 1 ms
